21
7
11
24
7
5
4
15
4
4
22
30
11
3
12
16
8
4
4
11
52
5
36
4
20
5
4
4
35
9
14
11
4
4
17
14
27
11
35
19
19
18
90
8
14
22
15
21
9
4
19
10
14
10
5
32
5
4
21
15
33
12
17
8
13
11
6
6
20
10
7
33
12
12
12
15
9
21
5
13
15
4
26
7
4
12
19
8
33
28
5
19
8
29
7
29
8
11
7
3
10
3
4
3
2
2
2
4
2
5
7
18
4
24
7
22
6
6
51
6
22
33
8
26
4
12
21
16
9
8
5
37
19
31
22
5
6
7
8
16
7
7
24
21
4
16
24
20
27
29
4
28
21
18
7
7
14
23
9
7
14
21
9
22
12
4
4
8
24
7
9
11
10
4
8
34
14
12
15
6
26
11
14
40
27
50
4
32
2
29
31
4
4
13
6
9
26
16
15
20
