66
139
1
20
80
117
1
17
83
113
1
17
82
107
1
17
82
106
1
17
82
107
1
17
81
106
1
17
81
109
1
17
82
108
1
17
82
106
1
17
81
106
1
17
81
106
1
17
82
106
1
17
82
106
1
17
82
106
1
17
82
108
1
17
81
106
1
17
81
106
1
17
81
106
1
17
82
110
1
17
81
108
1
18
82
108
1
17
81
106
1
17
81
106
1
17
82
106
1
17
82
106
1
17
82
107
1
17
82
106
1
16
83
106
1
17
81
106
1
17
81
110
1
16
82
108
1
17
82
106
1
17
81
107
1
17
82
106
1
17
82
106
1
17
82
106
1
17
82
106
1
17
82
108
1
17
82
106
1
18
82
106
1
17
82
107
1
17
82
106
1
17
82
106
1
16
82
106
1
17
82
106
1
17
81
106
1
17
82
108
1
17
82
106
1
17
81
106
1
17
